h:\qt_project\src\mix_qss_change\x64\debug\vc140.pdb
h:\qt_project\src\mix_qss_change\x64\debug\qrc_mix_qss_change.obj
h:\qt_project\src\mix_qss_change\x64\debug\tool_button.obj
h:\qt_project\src\mix_qss_change\x64\debug\mix_qss_change.obj
h:\qt_project\src\mix_qss_change\x64\debug\main.obj
h:\qt_project\src\mix_qss_change\x64\debug\moc_mix_qss_change.obj
h:\qt_project\src\mix_qss_change\generatedfiles\qrc_mix_qss_change.cpp
h:\qt_project\src\mix_qss_change\generatedfiles\debug\moc_mix_qss_change.cpp
h:\qt_project\src\mix_qss_change\generatedfiles\ui_mix_qss_change.h
h:\qt_project\src\x64\debug\mix_qss_change.ilk
h:\qt_project\src\x64\debug\mix_qss_change.exe
h:\qt_project\src\x64\debug\mix_qss_change.pdb
h:\qt_project\src\mix_qss_change\x64\debug\mix_qss_change.tlog\cl.command.1.tlog
h:\qt_project\src\mix_qss_change\x64\debug\mix_qss_change.tlog\cl.read.1.tlog
h:\qt_project\src\mix_qss_change\x64\debug\mix_qss_change.tlog\cl.write.1.tlog
h:\qt_project\src\mix_qss_change\x64\debug\mix_qss_change.tlog\custombuild.command.1.tlog
h:\qt_project\src\mix_qss_change\x64\debug\mix_qss_change.tlog\custombuild.read.1.tlog
h:\qt_project\src\mix_qss_change\x64\debug\mix_qss_change.tlog\custombuild.write.1.tlog
h:\qt_project\src\mix_qss_change\x64\debug\mix_qss_change.tlog\link.command.1.tlog
h:\qt_project\src\mix_qss_change\x64\debug\mix_qss_change.tlog\link.read.1.tlog
h:\qt_project\src\mix_qss_change\x64\debug\mix_qss_change.tlog\link.write.1.tlog
