e:\test_code\alg\pythagoreantree\pythagoreantree\x64\debug\vc140.pdb
e:\test_code\alg\pythagoreantree\pythagoreantree\x64\debug\qrc_pythagoreantree.obj
e:\test_code\alg\pythagoreantree\pythagoreantree\x64\debug\pythagoreantree.obj
e:\test_code\alg\pythagoreantree\pythagoreantree\x64\debug\moc_pythagoreantree.obj
e:\test_code\alg\pythagoreantree\pythagoreantree\x64\debug\main.obj
e:\test_code\alg\pythagoreantree\pythagoreantree\generatedfiles\ui_pythagoreantree.h
e:\test_code\alg\pythagoreantree\pythagoreantree\generatedfiles\qrc_pythagoreantree.cpp
e:\test_code\alg\pythagoreantree\pythagoreantree\generatedfiles\debug\moc_pythagoreantree.cpp
e:\test_code\alg\pythagoreantree\x64\debug\pythagoreantree.ilk
e:\test_code\alg\pythagoreantree\x64\debug\pythagoreantree.exe
e:\test_code\alg\pythagoreantree\x64\debug\pythagoreantree.pdb
e:\pythagoreantree\pythagoreantree\pythagoreantree\x64\debug\main.obj
e:\pythagoreantree\pythagoreantree\pythagoreantree\x64\debug\moc_pythagoreantree.obj
e:\pythagoreantree\pythagoreantree\pythagoreantree\x64\debug\pythagoreantree.obj
e:\pythagoreantree\pythagoreantree\pythagoreantree\x64\debug\qrc_pythagoreantree.obj
e:\pythagoreantree\pythagoreantree\pythagoreantree\x64\debug\vc140.pdb
e:\pythagoreantree\pythagoreantree\x64\debug\pythagoreantree.pdb
e:\pythagoreantree\pythagoreantree\x64\debug\pythagoreantree.exe
e:\pythagoreantree\pythagoreantree\x64\debug\pythagoreantree.ilk
e:\pythagoreantree\pythagoreantree\pythagoreantree\x64\debug\pythagoreantree.tlog\cl.command.1.tlog
e:\pythagoreantree\pythagoreantree\pythagoreantree\x64\debug\pythagoreantree.tlog\cl.read.1.tlog
e:\pythagoreantree\pythagoreantree\pythagoreantree\x64\debug\pythagoreantree.tlog\cl.write.1.tlog
e:\pythagoreantree\pythagoreantree\pythagoreantree\x64\debug\pythagoreantree.tlog\custombuild.command.1.tlog
e:\pythagoreantree\pythagoreantree\pythagoreantree\x64\debug\pythagoreantree.tlog\custombuild.read.1.tlog
e:\pythagoreantree\pythagoreantree\pythagoreantree\x64\debug\pythagoreantree.tlog\custombuild.write.1.tlog
e:\pythagoreantree\pythagoreantree\pythagoreantree\x64\debug\pythagoreantree.tlog\link.command.1.tlog
e:\pythagoreantree\pythagoreantree\pythagoreantree\x64\debug\pythagoreantree.tlog\link.read.1.tlog
e:\pythagoreantree\pythagoreantree\pythagoreantree\x64\debug\pythagoreantree.tlog\link.write.1.tlog
